d:\etraning framework\bin\debug\glnative.bsc
d:\etraning framework\sample\glsample\glnative\debug\glnative.pch
d:\etraning framework\sample\glsample\glnative\debug\vc140.pdb
d:\etraning framework\sample\glsample\glnative\debug\vc140.idb
d:\etraning framework\sample\glsample\glnative\debug\stdafx.sbr
d:\etraning framework\sample\glsample\glnative\debug\stdafx.obj
d:\etraning framework\sample\glsample\glnative\debug\dllmain.sbr
d:\etraning framework\sample\glsample\glnative\debug\dllmain.obj
d:\etraning framework\sample\glsample\glnative\debug\textnative.sbr
d:\etraning framework\sample\glsample\glnative\debug\glnative.sbr
d:\etraning framework\sample\glsample\glnative\debug\geometrynative.sbr
d:\etraning framework\sample\glsample\glnative\debug\eglnative.sbr
d:\etraning framework\sample\glsample\glnative\debug\eglnative.obj
d:\etraning framework\sample\glsample\glnative\debug\geometrynative.obj
d:\etraning framework\sample\glsample\glnative\debug\glnative.obj
d:\etraning framework\sample\glsample\glnative\debug\textnative.obj
d:\etraning framework\bin\debug\glnative.lib
d:\etraning framework\bin\debug\glnative.exp
d:\etraning framework\bin\debug\glnative.ilk
d:\etraning framework\bin\debug\glnative.dll
d:\etraning framework\bin\debug\glnative.pdb
d:\etraning framework\sample\glsample\glnative\debug\glnative.res
d:\etraning framework\sample\glsample\glnative\..\..\..\bin\debug\glnative.pdb
d:\etraning framework\sample\glsample\glnative\..\..\..\bin\debug\glnative.dll
d:\etraning framework\sample\glsample\glnative\..\..\..\bin\debug\glnative.bsc
d:\etraning framework\sample\glsample\glnative\..\..\..\bin\debug\glnative.ilk
d:\etraning framework\sample\glsample\glnative\debug\glnative.tlog\bscmake.command.1.tlog
d:\etraning framework\sample\glsample\glnative\debug\glnative.tlog\bscmake.read.1.tlog
d:\etraning framework\sample\glsample\glnative\debug\glnative.tlog\bscmake.write.1.tlog
d:\etraning framework\sample\glsample\glnative\debug\glnative.tlog\cl.command.1.tlog
d:\etraning framework\sample\glsample\glnative\debug\glnative.tlog\cl.read.1.tlog
d:\etraning framework\sample\glsample\glnative\debug\glnative.tlog\cl.write.1.tlog
d:\etraning framework\sample\glsample\glnative\debug\glnative.tlog\glnative.write.1u.tlog
d:\etraning framework\sample\glsample\glnative\debug\glnative.tlog\link.command.1.tlog
d:\etraning framework\sample\glsample\glnative\debug\glnative.tlog\link.read.1.tlog
d:\etraning framework\sample\glsample\glnative\debug\glnative.tlog\link.write.1.tlog
d:\etraning framework\sample\glsample\glnative\debug\glnative.tlog\rc.command.1.tlog
d:\etraning framework\sample\glsample\glnative\debug\glnative.tlog\rc.read.1.tlog
d:\etraning framework\sample\glsample\glnative\debug\glnative.tlog\rc.write.1.tlog
